Using pre-set license
Built from '2020.3/release' branch; Version is '2020.3.7f1 (dd97f2c94397) revision 14522354'; Using compiler version '192528614'; Build Type 'Release'
OS: 'Windows 10 Pro; OS build 19042.985; Version 2009; 64bit' Language: 'ko' Physical Memory: 16321 MB
BatchMode: 1, IsHumanControllingUs: 0, StartBugReporterOnCrash: 0, Is64bit: 1, IsPro: 0

 COMMAND LINE ARGUMENTS:
F:\Unity\Editor\2020.3.7f1\Editor\Unity.exe
-adb2
-batchMode
-noUpm
-name
AssetImportWorker0
-projectPath
F:/MyGame/UnityProject/Hobbies/Magnus Ping-Pong
-logFile
Logs/AssetImportWorker0.log
-srvPort
51650
Successfully changed project path to: F:/MyGame/UnityProject/Hobbies/Magnus Ping-Pong
F:/MyGame/UnityProject/Hobbies/Magnus Ping-Pong
Using Asset Import Pipeline V2.
Refreshing native plugins compatible for Editor in 36.65 ms, found 1 plugins.
Preloading 0 native plugins for Editor in 0.00 ms.
Initialize engine version: 2020.3.7f1 (dd97f2c94397)
[Subsystems] Discovering subsystems at path F:/Unity/Editor/2020.3.7f1/Editor/Data/Resources/UnitySubsystems
[Subsystems] Discovering subsystems at path F:/MyGame/UnityProject/Hobbies/Magnus Ping-Pong/Assets
GfxDevice: creating device client; threaded=0
Direct3D:
    Version:  Direct3D 11.0 [level 11.1]
    Renderer: NVIDIA GeForce GTX 1060 3GB (ID=0x1b84)
    Vendor:   
    VRAM:     2988 MB
    Driver:   27.21.14.5671
Initialize mono
Mono path[0] = 'F:/Unity/Editor/2020.3.7f1/Editor/Data/Managed'
Mono path[1] = 'F:/Unity/Editor/2020.3.7f1/Editor/Data/MonoBleedingEdge/lib/mono/unityjit'
Mono config path = 'F:/Unity/Editor/2020.3.7f1/Editor/Data/MonoBleedingEdge/etc'
Using monoOptions --debugger-agent=transport=dt_socket,embedding=1,server=y,suspend=n,address=127.0.0.1:56888
Begin MonoManager ReloadAssembly
Registering precompiled unity dll's ...
Register platform support module: F:/Unity/Editor/2020.3.7f1/Editor/Data/PlaybackEngines/WindowsStandaloneSupport/UnityEditor.WindowsStandalone.Extensions.dll
Registered in 0.001512 seconds.
Native extension for WindowsStandalone target not found
Refreshing native plugins compatible for Editor in 33.07 ms, found 1 plugins.
Preloading 0 native plugins for Editor in 0.00 ms.
Mono: successfully reloaded assembly
- Completed reload, in  2.385 seconds
Platform modules already initialized, skipping
Registering precompiled user dll's ...
Registered in 0.000948 seconds.
Begin MonoManager ReloadAssembly
Native extension for WindowsStandalone target not found
Refreshing native plugins compatible for Editor in 36.59 ms, found 1 plugins.
Preloading 0 native plugins for Editor in 0.00 ms.
Mono: successfully reloaded assembly
- Completed reload, in  1.190 seconds
Platform modules already initialized, skipping
========================================================================
Worker process is ready to serve import requests
Launched and connected shader compiler UnityShaderCompiler.exe after 0.10 seconds
Refreshing native plugins compatible for Editor in 0.39 ms, found 1 plugins.
Preloading 0 native plugins for Editor in 0.00 ms.
Unloading 1818 Unused Serialized files (Serialized files now loaded: 0)
System memory in use before: 87.6 MB.
System memory in use after: 87.7 MB.

Unloading 19 unused Assets to reduce memory usage. Loaded Objects now: 2266.
Total: 2.508200 ms (FindLiveObjects: 0.282100 ms CreateObjectMapping: 0.152100 ms MarkObjects: 1.972500 ms  DeleteObjects: 0.100500 ms)

========================================================================
Received Import Request.
  path: Assets/RoundManager.cs
  artifactKey: Guid(b55d05ff1df21c842b4a2028b626a88e) Importer(815301076,1909f56bfc062723c751e8b465ee728b)
Start importing Assets/RoundManager.cs using Guid(b55d05ff1df21c842b4a2028b626a88e) Importer(815301076,1909f56bfc062723c751e8b465ee728b)  -> (artifact id: 'ae4acc28f95f5ee084ff6cc97c0b788c') in 0.065887 seconds
  Import took 0.069532 seconds .

========================================================================
Received Import Request.
  Time since last request: 0.000318 seconds.
  path: Assets/RoomManager.cs
  artifactKey: Guid(d35ba458ff185cd49a38e3ba33dde527) Importer(815301076,1909f56bfc062723c751e8b465ee728b)
Start importing Assets/RoomManager.cs using Guid(d35ba458ff185cd49a38e3ba33dde527) Importer(815301076,1909f56bfc062723c751e8b465ee728b)  -> (artifact id: 'fe5be2cbfddb5b92664c9ab3923453d8') in 0.006386 seconds
  Import took 0.010048 seconds .

========================================================================
Received Prepare
Refreshing native plugins compatible for Editor in 1.71 ms, found 1 plugins.
Preloading 0 native plugins for Editor in 0.00 ms.
Unloading 5 Unused Serialized files (Serialized files now loaded: 0)
System memory in use before: 51.3 MB.
System memory in use after: 51.4 MB.

Unloading 5 unused Assets to reduce memory usage. Loaded Objects now: 2266.
Total: 5.830800 ms (FindLiveObjects: 1.090300 ms CreateObjectMapping: 0.596700 ms MarkObjects: 4.119700 ms  DeleteObjects: 0.022100 ms)

========================================================================
Received Import Request.
  Time since last request: 131.590350 seconds.
  path: Assets/RoundManager.cs
  artifactKey: Guid(b55d05ff1df21c842b4a2028b626a88e) Importer(815301076,1909f56bfc062723c751e8b465ee728b)
Start importing Assets/RoundManager.cs using Guid(b55d05ff1df21c842b4a2028b626a88e) Importer(815301076,1909f56bfc062723c751e8b465ee728b)  -> (artifact id: '8849099d961fe19e1b98646d60eac5c7') in 0.001969 seconds
  Import took 0.005745 seconds .

========================================================================
Received Import Request.
  Time since last request: 23.506871 seconds.
  path: Assets/RoundManager.cs
  artifactKey: Guid(b55d05ff1df21c842b4a2028b626a88e) Importer(815301076,1909f56bfc062723c751e8b465ee728b)
Start importing Assets/RoundManager.cs using Guid(b55d05ff1df21c842b4a2028b626a88e) Importer(815301076,1909f56bfc062723c751e8b465ee728b)  -> (artifact id: 'd34c9cfb90f9e0a111d74bf560a6da1a') in 0.002367 seconds
  Import took 0.013708 seconds .

========================================================================
Received Import Request.
  Time since last request: 6.791869 seconds.
  path: Assets/RoundManager.cs
  artifactKey: Guid(b55d05ff1df21c842b4a2028b626a88e) Importer(815301076,1909f56bfc062723c751e8b465ee728b)
Start importing Assets/RoundManager.cs using Guid(b55d05ff1df21c842b4a2028b626a88e) Importer(815301076,1909f56bfc062723c751e8b465ee728b)  -> (artifact id: '71dadae0f53b4137ed0fab69cb560cd1') in 0.002548 seconds
  Import took 0.007074 seconds .

========================================================================
Received Prepare
Registering precompiled user dll's ...
Registered in 0.001068 seconds.
Begin MonoManager ReloadAssembly
Native extension for WindowsStandalone target not found
Refreshing native plugins compatible for Editor in 0.42 ms, found 1 plugins.
Preloading 0 native plugins for Editor in 0.00 ms.
Mono: successfully reloaded assembly
- Completed reload, in  1.050 seconds
Platform modules already initialized, skipping
Refreshing native plugins compatible for Editor in 0.38 ms, found 1 plugins.
Preloading 0 native plugins for Editor in 0.00 ms.
Unloading 1808 Unused Serialized files (Serialized files now loaded: 0)
System memory in use before: 87.1 MB.
System memory in use after: 87.2 MB.

Unloading 8 unused Assets to reduce memory usage. Loaded Objects now: 2269.
Total: 2.471800 ms (FindLiveObjects: 0.281500 ms CreateObjectMapping: 0.076500 ms MarkObjects: 2.071600 ms  DeleteObjects: 0.041100 ms)

========================================================================
Received Prepare
Registering precompiled user dll's ...
Registered in 0.001146 seconds.
Begin MonoManager ReloadAssembly
Native extension for WindowsStandalone target not found
Refreshing native plugins compatible for Editor in 0.45 ms, found 1 plugins.
Preloading 0 native plugins for Editor in 0.00 ms.
Mono: successfully reloaded assembly
- Completed reload, in  1.049 seconds
Platform modules already initialized, skipping
Refreshing native plugins compatible for Editor in 0.39 ms, found 1 plugins.
Preloading 0 native plugins for Editor in 0.00 ms.
Unloading 1808 Unused Serialized files (Serialized files now loaded: 0)
System memory in use before: 87.1 MB.
System memory in use after: 87.3 MB.

Unloading 8 unused Assets to reduce memory usage. Loaded Objects now: 2272.
Total: 3.274300 ms (FindLiveObjects: 0.483500 ms CreateObjectMapping: 0.185400 ms MarkObjects: 2.557700 ms  DeleteObjects: 0.046000 ms)

========================================================================
Received Prepare
Registering precompiled user dll's ...
Registered in 0.001087 seconds.
Begin MonoManager ReloadAssembly
Native extension for WindowsStandalone target not found
Refreshing native plugins compatible for Editor in 0.57 ms, found 1 plugins.
Preloading 0 native plugins for Editor in 0.00 ms.
Mono: successfully reloaded assembly
- Completed reload, in  1.094 seconds
Platform modules already initialized, skipping
Refreshing native plugins compatible for Editor in 0.38 ms, found 1 plugins.
Preloading 0 native plugins for Editor in 0.00 ms.
Unloading 1808 Unused Serialized files (Serialized files now loaded: 0)
System memory in use before: 87.2 MB.
System memory in use after: 87.3 MB.

Unloading 8 unused Assets to reduce memory usage. Loaded Objects now: 2275.
Total: 2.836400 ms (FindLiveObjects: 0.255100 ms CreateObjectMapping: 0.150800 ms MarkObjects: 2.384900 ms  DeleteObjects: 0.044800 ms)

========================================================================
Received Prepare
Registering precompiled user dll's ...
Registered in 0.001307 seconds.
Begin MonoManager ReloadAssembly
Native extension for WindowsStandalone target not found
Refreshing native plugins compatible for Editor in 0.38 ms, found 1 plugins.
Preloading 0 native plugins for Editor in 0.00 ms.
Mono: successfully reloaded assembly
- Completed reload, in  0.985 seconds
Platform modules already initialized, skipping
Refreshing native plugins compatible for Editor in 0.40 ms, found 1 plugins.
Preloading 0 native plugins for Editor in 0.00 ms.
Unloading 1808 Unused Serialized files (Serialized files now loaded: 0)
System memory in use before: 87.2 MB.
System memory in use after: 87.3 MB.

Unloading 8 unused Assets to reduce memory usage. Loaded Objects now: 2278.
Total: 2.652700 ms (FindLiveObjects: 0.287900 ms CreateObjectMapping: 0.173600 ms MarkObjects: 2.143000 ms  DeleteObjects: 0.047300 ms)

========================================================================
Received Prepare
Registering precompiled user dll's ...
Registered in 0.001904 seconds.
Begin MonoManager ReloadAssembly
Native extension for WindowsStandalone target not found
Refreshing native plugins compatible for Editor in 0.39 ms, found 1 plugins.
Preloading 0 native plugins for Editor in 0.00 ms.
Mono: successfully reloaded assembly
- Completed reload, in  1.012 seconds
Platform modules already initialized, skipping
Refreshing native plugins compatible for Editor in 0.46 ms, found 1 plugins.
Preloading 0 native plugins for Editor in 0.00 ms.
Unloading 1808 Unused Serialized files (Serialized files now loaded: 0)
System memory in use before: 87.2 MB.
System memory in use after: 87.3 MB.

Unloading 8 unused Assets to reduce memory usage. Loaded Objects now: 2281.
Total: 2.666300 ms (FindLiveObjects: 0.327800 ms CreateObjectMapping: 0.162500 ms MarkObjects: 2.128800 ms  DeleteObjects: 0.046300 ms)

========================================================================
Received Prepare
Registering precompiled user dll's ...
Registered in 0.001194 seconds.
Begin MonoManager ReloadAssembly
Native extension for WindowsStandalone target not found
Refreshing native plugins compatible for Editor in 0.35 ms, found 1 plugins.
Preloading 0 native plugins for Editor in 0.00 ms.
Mono: successfully reloaded assembly
- Completed reload, in  1.002 seconds
Platform modules already initialized, skipping
Refreshing native plugins compatible for Editor in 0.40 ms, found 1 plugins.
Preloading 0 native plugins for Editor in 0.00 ms.
Unloading 1808 Unused Serialized files (Serialized files now loaded: 0)
System memory in use before: 87.2 MB.
System memory in use after: 87.3 MB.

Unloading 8 unused Assets to reduce memory usage. Loaded Objects now: 2284.
Total: 2.298900 ms (FindLiveObjects: 0.283700 ms CreateObjectMapping: 0.082900 ms MarkObjects: 1.918100 ms  DeleteObjects: 0.013400 ms)

========================================================================
Received Prepare
Registering precompiled user dll's ...
Registered in 0.001192 seconds.
Begin MonoManager ReloadAssembly
Native extension for WindowsStandalone target not found
Refreshing native plugins compatible for Editor in 0.37 ms, found 1 plugins.
Preloading 0 native plugins for Editor in 0.00 ms.
Mono: successfully reloaded assembly
- Completed reload, in  1.030 seconds
Platform modules already initialized, skipping
Refreshing native plugins compatible for Editor in 0.57 ms, found 1 plugins.
Preloading 0 native plugins for Editor in 0.00 ms.
Unloading 1808 Unused Serialized files (Serialized files now loaded: 0)
System memory in use before: 87.2 MB.
System memory in use after: 87.3 MB.

Unloading 8 unused Assets to reduce memory usage. Loaded Objects now: 2287.
Total: 3.114600 ms (FindLiveObjects: 0.486500 ms CreateObjectMapping: 0.219300 ms MarkObjects: 2.374800 ms  DeleteObjects: 0.033000 ms)

AssetImportWorkerClient::OnTransportError - code=2 error=End of file
